Using pre-set license
Built from '2021.1/staging' branch; Version is '2021.1.20f1 (be552157821d) revision 12473633'; Using compiler version '192528614'; Build Type 'Release'
OS: 'Windows 10 Pro; OS build 19043.1165; Version 2009; 64bit' Language: 'es' Physical Memory: 8103 MB
BatchMode: 1, IsHumanControllingUs: 0, StartBugReporterOnCrash: 0, Is64bit: 1, IsPro: 0

COMMAND LINE ARGUMENTS:
C:\Program Files\Unity\Hub\Editor\2021.1.20f1\Editor\Unity.exe
-adb2
-batchMode
-noUpm
-name
AssetImportWorker1
-projectPath
D:/2021-2/Octagon-Orbit/Octagon Orbit Project
-logFile
Logs/AssetImportWorker1.log
-srvPort
57859
Successfully changed project path to: D:/2021-2/Octagon-Orbit/Octagon Orbit Project
D:/2021-2/Octagon-Orbit/Octagon Orbit Project
Using Asset Import Pipeline V2.
Refreshing native plugins compatible for Editor in 114.14 ms, found 4 plugins.
Preloading 0 native plugins for Editor in 0.00 ms.
Initialize engine version: 2021.1.20f1 (be552157821d)
[Subsystems] Discovering subsystems at path C:/Program Files/Unity/Hub/Editor/2021.1.20f1/Editor/Data/Resources/UnitySubsystems
[Subsystems] Discovering subsystems at path D:/2021-2/Octagon-Orbit/Octagon Orbit Project/Assets
GfxDevice: creating device client; threaded=0; jobified=0
Direct3D:
    Version:  Direct3D 11.0 [level 11.1]
    Renderer: NVIDIA GeForce GTX 1650 (ID=0x2188)
    Vendor:   NVIDIA
    VRAM:     3962 MB
    Driver:   30.0.14.7168
Initialize mono
Mono path[0] = 'C:/Program Files/Unity/Hub/Editor/2021.1.20f1/Editor/Data/Managed'
Mono path[1] = 'C:/Program Files/Unity/Hub/Editor/2021.1.20f1/Editor/Data/MonoBleedingEdge/lib/mono/unityjit'
Mono config path = 'C:/Program Files/Unity/Hub/Editor/2021.1.20f1/Editor/Data/MonoBleedingEdge/etc'
Using monoOptions --debugger-agent=transport=dt_socket,embedding=1,server=y,suspend=n,address=127.0.0.1:56808
Begin MonoManager ReloadAssembly
Registering precompiled unity dll's ...
Register platform support module: C:/Program Files/Unity/Hub/Editor/2021.1.20f1/Editor/Data/PlaybackEngines/WindowsStandaloneSupport/UnityEditor.WindowsStandalone.Extensions.dll
Registered in 0.001964 seconds.
Native extension for WindowsStandalone target not found
Refreshing native plugins compatible for Editor in 115.56 ms, found 4 plugins.
Preloading 0 native plugins for Editor in 0.00 ms.
Mono: successfully reloaded assembly
- Completed reload, in  1.392 seconds
Domain Reload Profiling:
	ReloadAssembly (1393ms)
		BeginReloadAssembly (61ms)
			ExecutionOrderSort (0ms)
			DisableScriptedObjects (0ms)
			BackupInstance (0ms)
			ReleaseScriptingObjects (0ms)
			CreateAndSetChildDomain (1ms)
		EndReloadAssembly (469ms)
			LoadAssemblies (59ms)
			RebuildTransferFunctionScriptingTraits (0ms)
			SetupTypeCache (153ms)
			ReleaseScriptCaches (0ms)
			RebuildScriptCaches (27ms)
			SetupLoadedEditorAssemblies (244ms)
				LogAssemblyErrors (0ms)
				InitializePlatformSupportModulesInManaged (6ms)
				SetLoadedEditorAssemblies (0ms)
				RefreshPlugins (116ms)
				BeforeProcessingInitializeOnLoad (1ms)
				ProcessInitializeOnLoadAttributes (92ms)
				ProcessInitializeOnLoadMethodAttributes (28ms)
				AfterProcessingInitializeOnLoad (0ms)
				EditorAssembliesLoaded (0ms)
			ExecutionOrderSort2 (0ms)
			AwakeInstancesAfterBackupRestoration (0ms)
Platform modules already initialized, skipping
Registering precompiled user dll's ...
Registered in 0.003549 seconds.
Begin MonoManager ReloadAssembly
Symbol file LoadedFromMemory doesn't match image D:\2021-2\Octagon-Orbit\Octagon Orbit Project\Library\PackageCache\com.unity.visualscripting@1.6.1\Editor\VisualScripting.Core\Dependencies\YamlDotNet\Unity.VisualScripting.YamlDotNet.dll
Symbol file LoadedFromMemory doesn't match image D:\2021-2\Octagon-Orbit\Octagon Orbit Project\Library\PackageCache\com.unity.visualscripting@1.6.1\Editor\VisualScripting.Core\Dependencies\DotNetZip\Unity.VisualScripting.IonicZip.dll
Native extension for WindowsStandalone target not found
Refreshing native plugins compatible for Editor in 113.36 ms, found 4 plugins.
Preloading 0 native plugins for Editor in 0.00 ms.
Mono: successfully reloaded assembly
- Completed reload, in  2.080 seconds
Domain Reload Profiling:
	ReloadAssembly (2244ms)
		BeginReloadAssembly (311ms)
			ExecutionOrderSort (0ms)
			DisableScriptedObjects (5ms)
			BackupInstance (0ms)
			ReleaseScriptingObjects (0ms)
			CreateAndSetChildDomain (19ms)
		EndReloadAssembly (1880ms)
			LoadAssemblies (874ms)
			RebuildTransferFunctionScriptingTraits (0ms)
			SetupTypeCache (366ms)
			ReleaseScriptCaches (1ms)
			RebuildScriptCaches (55ms)
			SetupLoadedEditorAssemblies (497ms)
				LogAssemblyErrors (0ms)
				InitializePlatformSupportModulesInManaged (42ms)
				SetLoadedEditorAssemblies (0ms)
				RefreshPlugins (115ms)
				BeforeProcessingInitializeOnLoad (97ms)
				ProcessInitializeOnLoadAttributes (223ms)
				ProcessInitializeOnLoadMethodAttributes (15ms)
				AfterProcessingInitializeOnLoad (4ms)
				EditorAssembliesLoaded (0ms)
			ExecutionOrderSort2 (0ms)
			AwakeInstancesAfterBackupRestoration (6ms)
Platform modules already initialized, skipping
========================================================================
Worker process is ready to serve import requests
Launched and connected shader compiler UnityShaderCompiler.exe after 0.03 seconds
Refreshing native plugins compatible for Editor in 0.95 ms, found 4 plugins.
Preloading 0 native plugins for Editor in 0.00 ms.
Unloading 4789 Unused Serialized files (Serialized files now loaded: 0)
System memory in use before: 180.0 MB.
System memory in use after: 180.2 MB.

Unloading 30 unused Assets to reduce memory usage. Loaded Objects now: 5239.
Total: 4.137000 ms (FindLiveObjects: 0.389100 ms CreateObjectMapping: 0.182800 ms MarkObjects: 3.490400 ms  DeleteObjects: 0.073600 ms)

AssetImportParameters requested are different than current active one (requested -> active):
  custom:framework-win-MediaFoundation: 216162199b28c13a410421893ffa2e32 -> 
  custom:video-decoder-ogg-theora: a1e56fd34408186e4bbccfd4996cb3dc -> 
  custom:container-muxer-webm: aa71ff27fc2769a1b78a27578f13a17b -> 
  custom:container-demuxer-webm: 4f35f7cbe854078d1ac9338744f61a02 -> 
  custom:container-demuxer-ogg: 62fdf1f143b41e24485cea50d1cbac27 -> 
  custom:video-encoder-webm-vp8: eb34c28f22e8b96e1ab97ce403110664 -> 
  custom:video-decoder-webm-vp8: 9c59270c3fd7afecdb556c50c9e8de78 -> 
  custom:audio-decoder-ogg-vorbis: bf7c407c2cedff20999df2af8eb42d56 -> 
  custom:audio-encoder-webm-vorbis: bf7c407c2cedff20999df2af8eb42d56 -> 
========================================================================
Received Import Request.
  path: Assets/Sprites/Planets (Sprites)/planeta_4.png
  artifactKey: Guid(34bca91592a778c4d872cc5b8925aab2) Importer(815301076,1909f56bfc062723c751e8b465ee728b)
Start importing Assets/Sprites/Planets (Sprites)/planeta_4.png using Guid(34bca91592a778c4d872cc5b8925aab2) Importer(815301076,1909f56bfc062723c751e8b465ee728b)  -> (artifact id: '5230cd2e47da884200570dc562b48eca') in 0.141827 seconds 
========================================================================
Received Import Request.
  Time since last request: 0.000806 seconds.
  path: Assets/Sprites/Planets (Sprites)/planeta_3.asset
  artifactKey: Guid(5f1c9e61b260f854986d29ecce10a98e) Importer(815301076,1909f56bfc062723c751e8b465ee728b)
Start importing Assets/Sprites/Planets (Sprites)/planeta_3.asset using Guid(5f1c9e61b260f854986d29ecce10a98e) Importer(815301076,1909f56bfc062723c751e8b465ee728b)  -> (artifact id: 'df8f1e743428f1a56882937056325cd2') in 0.059892 seconds 
========================================================================
Received Import Request.
  Time since last request: 0.001184 seconds.
  path: Assets/Sprites/Planets (Sprites)/planeta_3.png
  artifactKey: Guid(02bd58ca99f59a148ab856c7095e0075) Importer(815301076,1909f56bfc062723c751e8b465ee728b)
Start importing Assets/Sprites/Planets (Sprites)/planeta_3.png using Guid(02bd58ca99f59a148ab856c7095e0075) Importer(815301076,1909f56bfc062723c751e8b465ee728b)  -> (artifact id: 'ae5833aa0d13b6611e2425c675123d5f') in 0.014068 seconds 
========================================================================
Received Import Request.
  Time since last request: 0.002642 seconds.
  path: Assets/Sprites/Planets (Sprites)/Planets.prefab
  artifactKey: Guid(0c0f4b6581b13554baa3c3f005065abc) Importer(815301076,1909f56bfc062723c751e8b465ee728b)
Start importing Assets/Sprites/Planets (Sprites)/Planets.prefab using Guid(0c0f4b6581b13554baa3c3f005065abc) Importer(815301076,1909f56bfc062723c751e8b465ee728b)  -> (artifact id: 'a0a6e044efc809f60d7ed701e8e983bd') in 0.177426 seconds 
========================================================================
Received Import Request.
  Time since last request: 0.000952 seconds.
  path: Assets/Sprites/Planets (Sprites)/planeta_2.png
  artifactKey: Guid(0c22ad70a1184e34ab1c6f560f805199) Importer(815301076,1909f56bfc062723c751e8b465ee728b)
Start importing Assets/Sprites/Planets (Sprites)/planeta_2.png using Guid(0c22ad70a1184e34ab1c6f560f805199) Importer(815301076,1909f56bfc062723c751e8b465ee728b)  -> (artifact id: '0e1f78e820ef090a084c0164e872e94e') in 0.017390 seconds 
========================================================================
Received Import Request.
  Time since last request: 0.025242 seconds.
  path: Assets/Sprites/Planets (Sprites)/planeta_4.asset
  artifactKey: Guid(35c973be000ffa34dabdcc8f1b56c54e) Importer(815301076,1909f56bfc062723c751e8b465ee728b)
Start importing Assets/Sprites/Planets (Sprites)/planeta_4.asset using Guid(35c973be000ffa34dabdcc8f1b56c54e) Importer(815301076,1909f56bfc062723c751e8b465ee728b)  -> (artifact id: 'ff230e4bcfe256cd251bb4c165cb721c') in 0.010612 seconds 
========================================================================
Received Import Request.
  Time since last request: 0.000867 seconds.
  path: Assets/Sprites/Planets (Sprites)
  artifactKey: Guid(eb3e4f19bed1ebd459d28aa0ec5c7752) Importer(815301076,1909f56bfc062723c751e8b465ee728b)
Start importing Assets/Sprites/Planets (Sprites) using Guid(eb3e4f19bed1ebd459d28aa0ec5c7752) Importer(815301076,1909f56bfc062723c751e8b465ee728b)  -> (artifact id: '00b8279771728ef153d9f699bf8f0667') in 0.013910 seconds 
========================================================================
Received Import Request.
  Time since last request: 9.785410 seconds.
  path: Assets/Sprites/Planets (Sprites)/Cartas
  artifactKey: Guid(f96c9faf8ba68af40b97842d9f0a3bb2) Importer(815301076,1909f56bfc062723c751e8b465ee728b)
Start importing Assets/Sprites/Planets (Sprites)/Cartas using Guid(f96c9faf8ba68af40b97842d9f0a3bb2) Importer(815301076,1909f56bfc062723c751e8b465ee728b)  -> (artifact id: 'f7f2b16ee67abae88cc1f2dd06a5352a') in 0.004241 seconds 
========================================================================
Received Import Request.
  Time since last request: 6.322625 seconds.
  path: Assets/Sprites/Backgrounds/planeta_3_0.png
  artifactKey: Guid(a867b97d622e0aa49a175546f2050b01) Importer(815301076,1909f56bfc062723c751e8b465ee728b)
Start importing Assets/Sprites/Backgrounds/planeta_3_0.png using Guid(a867b97d622e0aa49a175546f2050b01) Importer(815301076,1909f56bfc062723c751e8b465ee728b)  -> (artifact id: 'c97e5fda48d7dd0e7bffb99411b2edf7') in 0.022136 seconds 
========================================================================
Received Import Request.
  Time since last request: 255.389140 seconds.
  path: Assets/Sprites/Planets (Sprites)/Cartas/planeta_4_0.png
  artifactKey: Guid(b624ac35432f8384ab26a2b5f85dfd5e) Importer(815301076,1909f56bfc062723c751e8b465ee728b)
Start importing Assets/Sprites/Planets (Sprites)/Cartas/planeta_4_0.png using Guid(b624ac35432f8384ab26a2b5f85dfd5e) Importer(815301076,1909f56bfc062723c751e8b465ee728b)  -> (artifact id: 'bcd5c1da0307bc82a76c20e7c8e14ae6') in 0.034305 seconds 
========================================================================
Received Import Request.
  Time since last request: 2503.765644 seconds.
  path: Assets/Sprites/Menu/titulo_del_juego.png
  artifactKey: Guid(24c25f01636b9184296f30ab3fa9e273) Importer(815301076,1909f56bfc062723c751e8b465ee728b)
Start importing Assets/Sprites/Menu/titulo_del_juego.png using Guid(24c25f01636b9184296f30ab3fa9e273) Importer(815301076,1909f56bfc062723c751e8b465ee728b)  -> (artifact id: '3d85f7b3fb5c471938b5e5e0cbd8673b') in 0.024714 seconds 
========================================================================
Received Import Request.
  Time since last request: 0.524067 seconds.
  path: Assets/Sprites/Menu/START.png
  artifactKey: Guid(cd69165077e79ed489c8264a87f2427a) Importer(815301076,1909f56bfc062723c751e8b465ee728b)
Start importing Assets/Sprites/Menu/START.png using Guid(cd69165077e79ed489c8264a87f2427a) Importer(815301076,1909f56bfc062723c751e8b465ee728b)  -> (artifact id: '36bc192767baae53deda8f55824ca281') in 0.013817 seconds 
========================================================================
Received Import Request.
  Time since last request: 0.721414 seconds.
  path: Assets/Sprites/Menu/CREDITOS.png
  artifactKey: Guid(81c24a1995a304548bc6985ae183f55e) Importer(815301076,1909f56bfc062723c751e8b465ee728b)
Start importing Assets/Sprites/Menu/CREDITOS.png using Guid(81c24a1995a304548bc6985ae183f55e) Importer(815301076,1909f56bfc062723c751e8b465ee728b)  -> (artifact id: '580ba451009e67c97c1f87004f144d01') in 0.014125 seconds 
AssetImportWorkerClient::OnTransportError - code=2 error=End of file
